<?xml version="1.0" encoding="UTF-8"?>
<!-- Generated by org.testng.reporters.JUnitXMLReporter -->
<testsuite ignored="0" hostname="Shyam" failures="1" tests="1" name="Default test" time="22.036" errors="0" timestamp="2024-03-10T15:30:50 IST">
  <testcase classname="io.cucumber.testng.AbstractTestNGCucumberTests" name="runScenario" time="20.574">
    <failure type="java.lang.NullPointerException" message="Cannot invoke &amp;quot;rahulshettyacademy.pageobject.ConfirmationPage.VerifyConfimrationmessage()&amp;quot; because &amp;quot;this.confirmationPage&amp;quot; is null">
      <![CDATA[java.lang.NullPointerException: Cannot invoke "rahulshettyacademy.pageobject.ConfirmationPage.VerifyConfimrationmessage()" because "this.confirmationPage" is null
at rahulshettyacademy.stepDefinitions.StepdefinitionInj.message_displayed_confirmationPage(StepdefinitionInj.java:66)
at ✽."THANKYOU FOR THE ORDER." message is displayed on ConfirmationPage(file:///C:/Users/shyam/eclipse-workspace/SeleniumDesignFramework/src/test/java/cucumber/SubmitOrder.feature:14)
]]>
    </failure>
  </testcase> <!-- runScenario -->
</testsuite> <!-- Default test -->
