<?xml version="1.0" encoding="UTF-8"?>
<!-- Generated by org.testng.reporters.JUnitXMLReporter -->
<testsuite ignored="0" hostname="Shyam" failures="0" tests="3" name="Submit Order Test" time="50.155" errors="0" timestamp="2024-03-10T15:00:38 IST">
  <testcase classname="rahulshettyacademy.SunbmitOrderTest" name="SubmitOrder" time="15.574"/>
  <testcase classname="rahulshettyacademy.SunbmitOrderTest" name="SubmitOrder" time="16.022"/>
  <testcase classname="rahulshettyacademy.SunbmitOrderTest" name="OrderHistoryTest" time="1.052"/>
</testsuite> <!-- Submit Order Test -->
