<?xml version="1.0" encoding="UTF-8"?>
<!-- Generated by org.testng.reporters.JUnitXMLReporter -->
<testsuite ignored="0" hostname="Shyam" failures="0" tests="2" name="Error Validations Test" time="0.311" errors="0" timestamp="2024-03-06T17:59:28 IST">
  <testcase classname="rahulshettyacademy.ErrorValidations" name="LoginErrorvalidations" time="0.0">
    <skipped/>
  </testcase> <!-- LoginErrorvalidations -->
  <testcase classname="rahulshettyacademy.ErrorValidations" name="ProductErrorValidation" time="0.0">
    <skipped/>
  </testcase> <!-- ProductErrorValidation -->
</testsuite> <!-- Error Validations Test -->
