<?xml version="1.0" encoding="UTF-8"?>
<!-- Generated by org.testng.reporters.JUnitReportReporter -->
<testsuite hostname="Shyam" failures="0" tests="1" name="cucumber.TestNGTestRunner" time="20.574" errors="1" timestamp="2024-03-10T15:30:50 IST" skipped="0">
  <testcase classname="cucumber.TestNGTestRunner" name="runScenario" time="20.574">
    <error message="Cannot invoke &quot;rahulshettyacademy.pageobject.ConfirmationPage.VerifyConfimrationmessage()&quot; because &quot;this.confirmationPage&quot; is null" type="java.lang.NullPointerException">
      <![CDATA[java.lang.NullPointerException: Cannot invoke "rahulshettyacademy.pageobject.ConfirmationPage.VerifyConfimrationmessage()" because "this.confirmationPage" is null
at rahulshettyacademy.stepDefinitions.StepdefinitionInj.message_displayed_confirmationPage(StepdefinitionInj.java:66)
at ✽."THANKYOU FOR THE ORDER." message is displayed on ConfirmationPage(file:///C:/Users/shyam/eclipse-workspace/SeleniumDesignFramework/src/test/java/cucumber/SubmitOrder.feature:14)
]]>
    </error>
  </testcase> <!-- runScenario -->
</testsuite> <!-- cucumber.TestNGTestRunner -->
